<?xml version="1.0" encoding="UTF-8"?>
<testsuite xmlns:xsi="http://www.w3.org/2001/XMLSchema-instance" xsi:noNamespaceSchemaLocation="https://maven.apache.org/surefire/maven-surefire-plugin/xsd/surefire-test-report-3.0.xsd" version="3.0" name="com.nagornyi.appengine.MetadataKindsTest(sponge_log)" time="0.009" tests="1" errors="0" skipped="0" failures="0">
  <properties>
[...]
</properties>
  <testcase name="printLowercaseKinds_printsKinds" classname="com.nagornyi.appengine.MetadataKindsTest(sponge_log)" time="0.007">
    <system-err><![CDATA[вер. 19, 2025 4:14:58 ДП com.google.appengine.api.datastore.dev.LocalDatastoreService init
INFO: Local Datastore initialized: 
	Type: High Replication
	Storage: In-memory
]]></system-err>
  </testcase>
</testsuite>